Using pre-set license
Built from '2020.3/staging' branch; Version is '2020.3.21f1 (a38c86f6690f) revision 10718342'; Using compiler version '192528614'; Build Type 'Release'
OS: 'Windows 10 Home; OS build 19043.1526; Version 2009; 64bit' Language: 'en' Physical Memory: 16328 MB
BatchMode: 1, IsHumanControllingUs: 0, StartBugReporterOnCrash: 0, Is64bit: 1, IsPro: 0

COMMAND LINE ARGUMENTS:
C:\Program Files\Unity\Hub\Editor\2020.3.21f1\Editor\Unity.exe
-adb2
-batchMode
-noUpm
-name
AssetImportWorker0
-projectPath
C:/Users/kevin/Book of Aeon
-logFile
Logs/AssetImportWorker0.log
-srvPort
56256
Successfully changed project path to: C:/Users/kevin/Book of Aeon
C:/Users/kevin/Book of Aeon
Using Asset Import Pipeline V2.
Refreshing native plugins compatible for Editor in 45.52 ms, found 3 plugins.
Preloading 0 native plugins for Editor in 0.00 ms.
Initialize engine version: 2020.3.21f1 (a38c86f6690f)
[Subsystems] Discovering subsystems at path C:/Program Files/Unity/Hub/Editor/2020.3.21f1/Editor/Data/Resources/UnitySubsystems
[Subsystems] Discovering subsystems at path C:/Users/kevin/Book of Aeon/Assets
GfxDevice: creating device client; threaded=0
Direct3D:
    Version:  Direct3D 11.0 [level 11.1]
    Renderer: NVIDIA GeForce RTX 3060 Ti (ID=0x2489)
    Vendor:   
    VRAM:     8050 MB
    Driver:   30.0.14.9709
Initialize mono
Mono path[0] = 'C:/Program Files/Unity/Hub/Editor/2020.3.21f1/Editor/Data/Managed'
Mono path[1] = 'C:/Program Files/Unity/Hub/Editor/2020.3.21f1/Editor/Data/MonoBleedingEdge/lib/mono/unityjit'
Mono config path = 'C:/Program Files/Unity/Hub/Editor/2020.3.21f1/Editor/Data/MonoBleedingEdge/etc'
Using monoOptions --debugger-agent=transport=dt_socket,embedding=1,server=y,suspend=n,address=127.0.0.1:56812
Begin MonoManager ReloadAssembly
Registering precompiled unity dll's ...
Register platform support module: C:/Program Files/Unity/Hub/Editor/2020.3.21f1/Editor/Data/PlaybackEngines/WebGLSupport/UnityEditor.WebGL.Extensions.dll
Register platform support module: C:/Program Files/Unity/Hub/Editor/2020.3.21f1/Editor/Data/PlaybackEngines/WindowsStandaloneSupport/UnityEditor.WindowsStandalone.Extensions.dll
Registered in 0.001917 seconds.
Native extension for WindowsStandalone target not found
Native extension for WebGL target not found
Refreshing native plugins compatible for Editor in 46.37 ms, found 3 plugins.
Preloading 0 native plugins for Editor in 0.00 ms.
Mono: successfully reloaded assembly
- Completed reload, in  0.900 seconds
Domain Reload Profiling:
	ReloadAssembly (900ms)
		BeginReloadAssembly (44ms)
			ExecutionOrderSort (0ms)
			DisableScriptedObjects (0ms)
			BackupInstance (0ms)
			ReleaseScriptingObjects (0ms)
			CreateAndSetChildDomain (1ms)
		EndReloadAssembly (356ms)
			LoadAssemblies (43ms)
			RebuildTransferFunctionScriptingTraits (0ms)
			SetupTypeCache (117ms)
			ReleaseScriptCaches (0ms)
			RebuildScriptCaches (24ms)
			SetupLoadedEditorAssemblies (140ms)
				LogAssemblyErrors (0ms)
				InitializePlatformSupportModulesInManaged (4ms)
				SetLoadedEditorAssemblies (0ms)
				RefreshPlugins (46ms)
				BeforeProcessingInitializeOnLoad (6ms)
				ProcessInitializeOnLoadAttributes (62ms)
				ProcessInitializeOnLoadMethodAttributes (21ms)
				AfterProcessingInitializeOnLoad (0ms)
				EditorAssembliesLoaded (0ms)
			ExecutionOrderSort2 (0ms)
			AwakeInstancesAfterBackupRestoration (0ms)
Platform modules already initialized, skipping
Registering precompiled user dll's ...
Registered in 0.003706 seconds.
Begin MonoManager ReloadAssembly
Native extension for WindowsStandalone target not found
Native extension for WebGL target not found
Refreshing native plugins compatible for Editor in 46.86 ms, found 3 plugins.
Preloading 0 native plugins for Editor in 0.00 ms.
Mono: successfully reloaded assembly
- Completed reload, in  0.904 seconds
Domain Reload Profiling:
	ReloadAssembly (905ms)
		BeginReloadAssembly (118ms)
			ExecutionOrderSort (0ms)
			DisableScriptedObjects (4ms)
			BackupInstance (0ms)
			ReleaseScriptingObjects (0ms)
			CreateAndSetChildDomain (16ms)
		EndReloadAssembly (734ms)
			LoadAssemblies (74ms)
			RebuildTransferFunctionScriptingTraits (0ms)
			SetupTypeCache (243ms)
			ReleaseScriptCaches (0ms)
			RebuildScriptCaches (41ms)
			SetupLoadedEditorAssemblies (277ms)
				LogAssemblyErrors (0ms)
				InitializePlatformSupportModulesInManaged (4ms)
				SetLoadedEditorAssemblies (0ms)
				RefreshPlugins (47ms)
				BeforeProcessingInitializeOnLoad (55ms)
				ProcessInitializeOnLoadAttributes (153ms)
				ProcessInitializeOnLoadMethodAttributes (12ms)
				AfterProcessingInitializeOnLoad (5ms)
				EditorAssembliesLoaded (0ms)
			ExecutionOrderSort2 (0ms)
			AwakeInstancesAfterBackupRestoration (5ms)
Platform modules already initialized, skipping
========================================================================
Worker process is ready to serve import requests
Launched and connected shader compiler UnityShaderCompiler.exe after 0.04 seconds
Refreshing native plugins compatible for Editor in 0.56 ms, found 3 plugins.
Preloading 0 native plugins for Editor in 0.00 ms.
Unloading 2247 Unused Serialized files (Serialized files now loaded: 0)
System memory in use before: 100.6 MB.
System memory in use after: 100.5 MB.

Unloading 32 unused Assets to reduce memory usage. Loaded Objects now: 2680.
Total: 3.106000 ms (FindLiveObjects: 0.205600 ms CreateObjectMapping: 0.059100 ms MarkObjects: 2.683500 ms  DeleteObjects: 0.156900 ms)

AssetImportParameters requested are different than current active one (requested -> active):
  custom:framework-win-MediaFoundation: 216162199b28c13a410421893ffa2e32 -> 
  custom:video-decoder-ogg-theora: a1e56fd34408186e4bbccfd4996cb3dc -> 
  custom:container-muxer-webm: aa71ff27fc2769a1b78a27578f13a17b -> 
  custom:container-demuxer-webm: 4f35f7cbe854078d1ac9338744f61a02 -> 
  custom:container-demuxer-ogg: 62fdf1f143b41e24485cea50d1cbac27 -> 
  custom:video-encoder-webm-vp8: eb34c28f22e8b96e1ab97ce403110664 -> 
  custom:video-decoder-webm-vp8: 9c59270c3fd7afecdb556c50c9e8de78 -> 
  custom:audio-decoder-ogg-vorbis: bf7c407c2cedff20999df2af8eb42d56 -> 
  custom:audio-encoder-webm-vorbis: bf7c407c2cedff20999df2af8eb42d56 -> 
========================================================================
Received Import Request.
  path: Assets/Painted HQ 2D Forest Medieval Background/day/mountain02.png
  artifactKey: Guid(bf66f81ff5312b0468db46a55bc8b271) Importer(815301076,1909f56bfc062723c751e8b465ee728b)
Start importing Assets/Painted HQ 2D Forest Medieval Background/day/mountain02.png using Guid(bf66f81ff5312b0468db46a55bc8b271) Importer(815301076,1909f56bfc062723c751e8b465ee728b)  -> (artifact id: '2fff7cca1f52a2fc74ae6374785f20c4') in 0.107292 seconds 
  Import took 0.110424 seconds .

========================================================================
Received Import Request.
  Time since last request: 0.000166 seconds.
  path: Assets/Painted HQ 2D Forest Medieval Background/day
  artifactKey: Guid(be61884b24a259649bc5e023ef71227e) Importer(815301076,1909f56bfc062723c751e8b465ee728b)
Start importing Assets/Painted HQ 2D Forest Medieval Background/day using Guid(be61884b24a259649bc5e023ef71227e) Importer(815301076,1909f56bfc062723c751e8b465ee728b)  -> (artifact id: '1c81aa7d22bc14f018d6f7b9851b7887') in 0.005639 seconds 
  Import took 0.008230 seconds .

========================================================================
Received Import Request.
  Time since last request: 0.000196 seconds.
  path: Assets/Painted HQ 2D Forest Medieval Background/day/cloud01.png
  artifactKey: Guid(d083d3f17cd7d0b4baedc62d855471c8) Importer(815301076,1909f56bfc062723c751e8b465ee728b)
Start importing Assets/Painted HQ 2D Forest Medieval Background/day/cloud01.png using Guid(d083d3f17cd7d0b4baedc62d855471c8) Importer(815301076,1909f56bfc062723c751e8b465ee728b)  -> (artifact id: '7561eaf5a25b65ea739f780eb7e17ab7') in 0.016810 seconds 
  Import took 0.019843 seconds .

========================================================================
Received Import Request.
  Time since last request: 0.000232 seconds.
  path: Assets/Painted HQ 2D Forest Medieval Background/day/cloud02.png
  artifactKey: Guid(5f9e50fddcbd27747be4ff005e67979b) Importer(815301076,1909f56bfc062723c751e8b465ee728b)
Start importing Assets/Painted HQ 2D Forest Medieval Background/day/cloud02.png using Guid(5f9e50fddcbd27747be4ff005e67979b) Importer(815301076,1909f56bfc062723c751e8b465ee728b)  -> (artifact id: '5fcd5d717370258ca486e1634232db29') in 0.014131 seconds 
  Import took 0.017309 seconds .

========================================================================
Received Import Request.
  Time since last request: 0.000216 seconds.
  path: Assets/Painted HQ 2D Forest Medieval Background/day/cloud03.png
  artifactKey: Guid(b2e7ab64fd7eb364ab7451d09f294367) Importer(815301076,1909f56bfc062723c751e8b465ee728b)
Start importing Assets/Painted HQ 2D Forest Medieval Background/day/cloud03.png using Guid(b2e7ab64fd7eb364ab7451d09f294367) Importer(815301076,1909f56bfc062723c751e8b465ee728b)  -> (artifact id: 'd0670ebaa2debb70ec27d13becfa3619') in 0.017322 seconds 
  Import took 0.020230 seconds .

========================================================================
Received Import Request.
  Time since last request: 0.000163 seconds.
  path: Assets/Painted HQ 2D Forest Medieval Background/day/mountain01.png
  artifactKey: Guid(63bd50a6c3fd26b439c10e599e94b853) Importer(815301076,1909f56bfc062723c751e8b465ee728b)
Start importing Assets/Painted HQ 2D Forest Medieval Background/day/mountain01.png using Guid(63bd50a6c3fd26b439c10e599e94b853) Importer(815301076,1909f56bfc062723c751e8b465ee728b)  -> (artifact id: '91d1f1e583ebab53b03d701eae1e8fb6') in 0.018434 seconds 
  Import took 0.021334 seconds .

========================================================================
Received Import Request.
  Time since last request: 0.000157 seconds.
  path: Assets/Painted HQ 2D Forest Medieval Background/day/sky.png
  artifactKey: Guid(70e32caafad415e489dea7aa867977e0) Importer(815301076,1909f56bfc062723c751e8b465ee728b)
Start importing Assets/Painted HQ 2D Forest Medieval Background/day/sky.png using Guid(70e32caafad415e489dea7aa867977e0) Importer(815301076,1909f56bfc062723c751e8b465ee728b)  -> (artifact id: '2238d9fbe014e3369b0a53768e0c9e2b') in 0.016322 seconds 
  Import took 0.019215 seconds .

========================================================================
Received Import Request.
  Time since last request: 9.552515 seconds.
  path: Assets/Painted HQ 2D Forest Medieval Background/Examples
  artifactKey: Guid(7a5ecea6fea8ed342a104305af699a40) Importer(815301076,1909f56bfc062723c751e8b465ee728b)
Start importing Assets/Painted HQ 2D Forest Medieval Background/Examples using Guid(7a5ecea6fea8ed342a104305af699a40) Importer(815301076,1909f56bfc062723c751e8b465ee728b)  -> (artifact id: 'bdd1e9cdb5bc6ebc3b5865115c763018') in 0.004916 seconds 
  Import took 0.008193 seconds .

========================================================================
Received Import Request.
  Time since last request: 1.326220 seconds.
  path: Assets/Painted HQ 2D Forest Medieval Background/Examples/Scene.unity
  artifactKey: Guid(1ca1e548c6c0a7940acee6009006bc9b) Importer(815301076,1909f56bfc062723c751e8b465ee728b)
Start importing Assets/Painted HQ 2D Forest Medieval Background/Examples/Scene.unity using Guid(1ca1e548c6c0a7940acee6009006bc9b) Importer(815301076,1909f56bfc062723c751e8b465ee728b)  -> (artifact id: '9ccdb76bea9231c9faafc806ac8758a4') in 0.005334 seconds 
  Import took 0.008472 seconds .

========================================================================
Received Prepare
Registering precompiled user dll's ...
Registered in 0.003797 seconds.
Begin MonoManager ReloadAssembly
Native extension for WindowsStandalone target not found
Native extension for WebGL target not found
Refreshing native plugins compatible for Editor in 0.57 ms, found 3 plugins.
Preloading 0 native plugins for Editor in 0.00 ms.
Mono: successfully reloaded assembly
- Completed reload, in  0.804 seconds
Domain Reload Profiling:
	ReloadAssembly (805ms)
		BeginReloadAssembly (94ms)
			ExecutionOrderSort (0ms)
			DisableScriptedObjects (5ms)
			BackupInstance (0ms)
			ReleaseScriptingObjects (0ms)
			CreateAndSetChildDomain (30ms)
		EndReloadAssembly (659ms)
			LoadAssemblies (69ms)
			RebuildTransferFunctionScriptingTraits (0ms)
			SetupTypeCache (232ms)
			ReleaseScriptCaches (1ms)
			RebuildScriptCaches (34ms)
			SetupLoadedEditorAssemblies (239ms)
				LogAssemblyErrors (0ms)
				InitializePlatformSupportModulesInManaged (5ms)
				SetLoadedEditorAssemblies (0ms)
				RefreshPlugins (1ms)
				BeforeProcessingInitializeOnLoad (52ms)
				ProcessInitializeOnLoadAttributes (166ms)
				ProcessInitializeOnLoadMethodAttributes (9ms)
				AfterProcessingInitializeOnLoad (6ms)
				EditorAssembliesLoaded (0ms)
			ExecutionOrderSort2 (0ms)
			AwakeInstancesAfterBackupRestoration (7ms)
Platform modules already initialized, skipping
Refreshing native plugins compatible for Editor in 0.58 ms, found 3 plugins.
Preloading 0 native plugins for Editor in 0.00 ms.
Unloading 2219 Unused Serialized files (Serialized files now loaded: 0)
System memory in use before: 101.4 MB.
System memory in use after: 101.3 MB.

Unloading 21 unused Assets to reduce memory usage. Loaded Objects now: 2698.
Total: 3.081100 ms (FindLiveObjects: 0.217700 ms CreateObjectMapping: 0.057000 ms MarkObjects: 2.675200 ms  DeleteObjects: 0.130200 ms)

AssetImportParameters requested are different than current active one (requested -> active):
  custom:framework-win-MediaFoundation: 216162199b28c13a410421893ffa2e32 -> 
  custom:video-decoder-ogg-theora: a1e56fd34408186e4bbccfd4996cb3dc -> 
  custom:container-muxer-webm: aa71ff27fc2769a1b78a27578f13a17b -> 
  custom:container-demuxer-webm: 4f35f7cbe854078d1ac9338744f61a02 -> 
  custom:container-demuxer-ogg: 62fdf1f143b41e24485cea50d1cbac27 -> 
  custom:video-encoder-webm-vp8: eb34c28f22e8b96e1ab97ce403110664 -> 
  custom:video-decoder-webm-vp8: 9c59270c3fd7afecdb556c50c9e8de78 -> 
  custom:audio-decoder-ogg-vorbis: bf7c407c2cedff20999df2af8eb42d56 -> 
  custom:audio-encoder-webm-vorbis: bf7c407c2cedff20999df2af8eb42d56 -> 
========================================================================
Received Import Request.
  Time since last request: 413.489358 seconds.
  path: Assets/Painted HQ 2D Forest Medieval Background/evening/cloud01.png
  artifactKey: Guid(99ba51f130c2c26458e8d83637667448) Importer(815301076,1909f56bfc062723c751e8b465ee728b)
Start importing Assets/Painted HQ 2D Forest Medieval Background/evening/cloud01.png using Guid(99ba51f130c2c26458e8d83637667448) Importer(815301076,1909f56bfc062723c751e8b465ee728b)  -> (artifact id: '9e129b1a9694dc16a77d536179961dd9') in 0.045574 seconds 
  Import took 0.048836 seconds .

========================================================================
Received Import Request.
  Time since last request: 0.000206 seconds.
  path: Assets/Painted HQ 2D Forest Medieval Background/evening/mountain01.png
  artifactKey: Guid(f138225fb2758c641b40ae90c500db26) Importer(815301076,1909f56bfc062723c751e8b465ee728b)
Start importing Assets/Painted HQ 2D Forest Medieval Background/evening/mountain01.png using Guid(f138225fb2758c641b40ae90c500db26) Importer(815301076,1909f56bfc062723c751e8b465ee728b)  -> (artifact id: '5c4130fd256b69bf1bd5e9a92c1ef08e') in 0.028765 seconds 
  Import took 0.032021 seconds .

========================================================================
Received Import Request.
  Time since last request: 0.000193 seconds.
  path: Assets/Painted HQ 2D Forest Medieval Background/evening/sky.png
  artifactKey: Guid(f55507d454bdf4147a49efc80be9332b) Importer(815301076,1909f56bfc062723c751e8b465ee728b)
Start importing Assets/Painted HQ 2D Forest Medieval Background/evening/sky.png using Guid(f55507d454bdf4147a49efc80be9332b) Importer(815301076,1909f56bfc062723c751e8b465ee728b)  -> (artifact id: '9695cbc225522d0aaa488c61e58ef0df') in 0.010677 seconds 
  Import took 0.013572 seconds .

========================================================================
Received Import Request.
  Time since last request: 0.000161 seconds.
  path: Assets/Painted HQ 2D Forest Medieval Background/evening/cloud02.png
  artifactKey: Guid(d9333f218377dda4ba9650ec8f76c40d) Importer(815301076,1909f56bfc062723c751e8b465ee728b)
Start importing Assets/Painted HQ 2D Forest Medieval Background/evening/cloud02.png using Guid(d9333f218377dda4ba9650ec8f76c40d) Importer(815301076,1909f56bfc062723c751e8b465ee728b)  -> (artifact id: '7d2ab686e150756855aa6ce6442e70d4') in 0.012040 seconds 
  Import took 0.014771 seconds .

========================================================================
Received Import Request.
  Time since last request: 0.000182 seconds.
  path: Assets/Painted HQ 2D Forest Medieval Background/evening/cloud03.png
  artifactKey: Guid(a0398b1517032824da3d0ba68c409490) Importer(815301076,1909f56bfc062723c751e8b465ee728b)
Start importing Assets/Painted HQ 2D Forest Medieval Background/evening/cloud03.png using Guid(a0398b1517032824da3d0ba68c409490) Importer(815301076,1909f56bfc062723c751e8b465ee728b)  -> (artifact id: 'c57140c39cc34b3f7ecb53d4100c07c1') in 0.011717 seconds 
  Import took 0.014495 seconds .

========================================================================
Received Import Request.
  Time since last request: 0.000177 seconds.
  path: Assets/Painted HQ 2D Forest Medieval Background/evening/mountain02.png
  artifactKey: Guid(db221b0bdb18e4748bbdcb1a3ace4495) Importer(815301076,1909f56bfc062723c751e8b465ee728b)
Start importing Assets/Painted HQ 2D Forest Medieval Background/evening/mountain02.png using Guid(db221b0bdb18e4748bbdcb1a3ace4495) Importer(815301076,1909f56bfc062723c751e8b465ee728b)  -> (artifact id: 'c69b6cd18323dbace69751c094f19053') in 0.012519 seconds 
  Import took 0.015495 seconds .

========================================================================
Received Prepare
Registering precompiled user dll's ...
Registered in 0.003823 seconds.
Begin MonoManager ReloadAssembly
Native extension for WindowsStandalone target not found
Native extension for WebGL target not found
Refreshing native plugins compatible for Editor in 0.58 ms, found 3 plugins.
Preloading 0 native plugins for Editor in 0.00 ms.
Mono: successfully reloaded assembly
- Completed reload, in  0.787 seconds
Domain Reload Profiling:
	ReloadAssembly (787ms)
		BeginReloadAssembly (90ms)
			ExecutionOrderSort (0ms)
			DisableScriptedObjects (5ms)
			BackupInstance (0ms)
			ReleaseScriptingObjects (0ms)
			CreateAndSetChildDomain (30ms)
		EndReloadAssembly (646ms)
			LoadAssemblies (70ms)
			RebuildTransferFunctionScriptingTraits (0ms)
			SetupTypeCache (234ms)
			ReleaseScriptCaches (1ms)
			RebuildScriptCaches (35ms)
			SetupLoadedEditorAssemblies (227ms)
				LogAssemblyErrors (0ms)
				InitializePlatformSupportModulesInManaged (5ms)
				SetLoadedEditorAssemblies (0ms)
				RefreshPlugins (1ms)
				BeforeProcessingInitializeOnLoad (48ms)
				ProcessInitializeOnLoadAttributes (159ms)
				ProcessInitializeOnLoadMethodAttributes (8ms)
				AfterProcessingInitializeOnLoad (6ms)
				EditorAssembliesLoaded (0ms)
			ExecutionOrderSort2 (0ms)
			AwakeInstancesAfterBackupRestoration (7ms)
Platform modules already initialized, skipping
Refreshing native plugins compatible for Editor in 0.63 ms, found 3 plugins.
Preloading 0 native plugins for Editor in 0.00 ms.
Unloading 2219 Unused Serialized files (Serialized files now loaded: 0)
System memory in use before: 101.5 MB.
System memory in use after: 101.4 MB.

Unloading 21 unused Assets to reduce memory usage. Loaded Objects now: 2701.
Total: 3.109500 ms (FindLiveObjects: 0.217800 ms CreateObjectMapping: 0.059700 ms MarkObjects: 2.691500 ms  DeleteObjects: 0.139600 ms)

AssetImportParameters requested are different than current active one (requested -> active):
  custom:framework-win-MediaFoundation: 216162199b28c13a410421893ffa2e32 -> 
  custom:video-decoder-ogg-theora: a1e56fd34408186e4bbccfd4996cb3dc -> 
  custom:container-muxer-webm: aa71ff27fc2769a1b78a27578f13a17b -> 
  custom:container-demuxer-webm: 4f35f7cbe854078d1ac9338744f61a02 -> 
  custom:container-demuxer-ogg: 62fdf1f143b41e24485cea50d1cbac27 -> 
  custom:video-encoder-webm-vp8: eb34c28f22e8b96e1ab97ce403110664 -> 
  custom:video-decoder-webm-vp8: 9c59270c3fd7afecdb556c50c9e8de78 -> 
  custom:audio-decoder-ogg-vorbis: bf7c407c2cedff20999df2af8eb42d56 -> 
  custom:audio-encoder-webm-vorbis: bf7c407c2cedff20999df2af8eb42d56 -> 
========================================================================
Received Prepare
Registering precompiled user dll's ...
Registered in 0.003682 seconds.
Begin MonoManager ReloadAssembly
Native extension for WindowsStandalone target not found
Native extension for WebGL target not found
Refreshing native plugins compatible for Editor in 0.60 ms, found 3 plugins.
Preloading 0 native plugins for Editor in 0.00 ms.
Mono: successfully reloaded assembly
- Completed reload, in  0.796 seconds
Domain Reload Profiling:
	ReloadAssembly (796ms)
		BeginReloadAssembly (97ms)
			ExecutionOrderSort (0ms)
			DisableScriptedObjects (5ms)
			BackupInstance (0ms)
			ReleaseScriptingObjects (0ms)
			CreateAndSetChildDomain (29ms)
		EndReloadAssembly (647ms)
			LoadAssemblies (68ms)
			RebuildTransferFunctionScriptingTraits (0ms)
			SetupTypeCache (229ms)
			ReleaseScriptCaches (1ms)
			RebuildScriptCaches (35ms)
			SetupLoadedEditorAssemblies (233ms)
				LogAssemblyErrors (0ms)
				InitializePlatformSupportModulesInManaged (5ms)
				SetLoadedEditorAssemblies (0ms)
				RefreshPlugins (1ms)
				BeforeProcessingInitializeOnLoad (49ms)
				ProcessInitializeOnLoadAttributes (165ms)
				ProcessInitializeOnLoadMethodAttributes (8ms)
				AfterProcessingInitializeOnLoad (5ms)
				EditorAssembliesLoaded (0ms)
			ExecutionOrderSort2 (0ms)
			AwakeInstancesAfterBackupRestoration (7ms)
Platform modules already initialized, skipping
Refreshing native plugins compatible for Editor in 0.59 ms, found 3 plugins.
Preloading 0 native plugins for Editor in 0.00 ms.
Unloading 2219 Unused Serialized files (Serialized files now loaded: 0)
System memory in use before: 101.5 MB.
System memory in use after: 101.4 MB.

Unloading 21 unused Assets to reduce memory usage. Loaded Objects now: 2703.
Total: 3.105400 ms (FindLiveObjects: 0.206600 ms CreateObjectMapping: 0.051200 ms MarkObjects: 2.676900 ms  DeleteObjects: 0.169800 ms)

AssetImportParameters requested are different than current active one (requested -> active):
  custom:framework-win-MediaFoundation: 216162199b28c13a410421893ffa2e32 -> 
  custom:video-decoder-ogg-theora: a1e56fd34408186e4bbccfd4996cb3dc -> 
  custom:container-muxer-webm: aa71ff27fc2769a1b78a27578f13a17b -> 
  custom:container-demuxer-webm: 4f35f7cbe854078d1ac9338744f61a02 -> 
  custom:container-demuxer-ogg: 62fdf1f143b41e24485cea50d1cbac27 -> 
  custom:video-encoder-webm-vp8: eb34c28f22e8b96e1ab97ce403110664 -> 
  custom:video-decoder-webm-vp8: 9c59270c3fd7afecdb556c50c9e8de78 -> 
  custom:audio-decoder-ogg-vorbis: bf7c407c2cedff20999df2af8eb42d56 -> 
  custom:audio-encoder-webm-vorbis: bf7c407c2cedff20999df2af8eb42d56 -> 
========================================================================
Received Prepare
Registering precompiled user dll's ...
Registered in 0.003835 seconds.
Begin MonoManager ReloadAssembly
Native extension for WindowsStandalone target not found
Native extension for WebGL target not found
Refreshing native plugins compatible for Editor in 0.56 ms, found 3 plugins.
Preloading 0 native plugins for Editor in 0.00 ms.
Mono: successfully reloaded assembly
- Completed reload, in  0.803 seconds
Domain Reload Profiling:
	ReloadAssembly (803ms)
		BeginReloadAssembly (97ms)
			ExecutionOrderSort (0ms)
			DisableScriptedObjects (5ms)
			BackupInstance (0ms)
			ReleaseScriptingObjects (0ms)
			CreateAndSetChildDomain (29ms)
		EndReloadAssembly (651ms)
			LoadAssemblies (71ms)
			RebuildTransferFunctionScriptingTraits (0ms)
			SetupTypeCache (234ms)
			ReleaseScriptCaches (1ms)
			RebuildScriptCaches (35ms)
			SetupLoadedEditorAssemblies (229ms)
				LogAssemblyErrors (0ms)
				InitializePlatformSupportModulesInManaged (5ms)
				SetLoadedEditorAssemblies (0ms)
				RefreshPlugins (1ms)
				BeforeProcessingInitializeOnLoad (49ms)
				ProcessInitializeOnLoadAttributes (161ms)
				ProcessInitializeOnLoadMethodAttributes (8ms)
				AfterProcessingInitializeOnLoad (5ms)
				EditorAssembliesLoaded (0ms)
			ExecutionOrderSort2 (0ms)
			AwakeInstancesAfterBackupRestoration (7ms)
Platform modules already initialized, skipping
Refreshing native plugins compatible for Editor in 0.58 ms, found 3 plugins.
Preloading 0 native plugins for Editor in 0.00 ms.
Unloading 2219 Unused Serialized files (Serialized files now loaded: 0)
System memory in use before: 101.5 MB.
System memory in use after: 101.5 MB.

Unloading 21 unused Assets to reduce memory usage. Loaded Objects now: 2705.
Total: 3.097800 ms (FindLiveObjects: 0.218900 ms CreateObjectMapping: 0.050700 ms MarkObjects: 2.670400 ms  DeleteObjects: 0.157000 ms)

AssetImportParameters requested are different than current active one (requested -> active):
  custom:framework-win-MediaFoundation: 216162199b28c13a410421893ffa2e32 -> 
  custom:video-decoder-ogg-theora: a1e56fd34408186e4bbccfd4996cb3dc -> 
  custom:container-muxer-webm: aa71ff27fc2769a1b78a27578f13a17b -> 
  custom:container-demuxer-webm: 4f35f7cbe854078d1ac9338744f61a02 -> 
  custom:container-demuxer-ogg: 62fdf1f143b41e24485cea50d1cbac27 -> 
  custom:video-encoder-webm-vp8: eb34c28f22e8b96e1ab97ce403110664 -> 
  custom:video-decoder-webm-vp8: 9c59270c3fd7afecdb556c50c9e8de78 -> 
  custom:audio-decoder-ogg-vorbis: bf7c407c2cedff20999df2af8eb42d56 -> 
  custom:audio-encoder-webm-vorbis: bf7c407c2cedff20999df2af8eb42d56 -> 
========================================================================
Received Prepare
Refreshing native plugins compatible for Editor in 4.46 ms, found 3 plugins.
Preloading 0 native plugins for Editor in 0.00 ms.
Unloading 19 Unused Serialized files (Serialized files now loaded: 0)
System memory in use before: 58.1 MB.
System memory in use after: 58.0 MB.

Unloading 19 unused Assets to reduce memory usage. Loaded Objects now: 2705.
Total: 3.762500 ms (FindLiveObjects: 0.348400 ms CreateObjectMapping: 0.068700 ms MarkObjects: 3.190400 ms  DeleteObjects: 0.154400 ms)

AssetImportParameters requested are different than current active one (requested -> active):
  custom:framework-win-MediaFoundation: 216162199b28c13a410421893ffa2e32 -> 
  custom:video-decoder-ogg-theora: a1e56fd34408186e4bbccfd4996cb3dc -> 
  custom:container-muxer-webm: aa71ff27fc2769a1b78a27578f13a17b -> 
  custom:container-demuxer-webm: 4f35f7cbe854078d1ac9338744f61a02 -> 
  custom:container-demuxer-ogg: 62fdf1f143b41e24485cea50d1cbac27 -> 
  custom:video-encoder-webm-vp8: eb34c28f22e8b96e1ab97ce403110664 -> 
  custom:video-decoder-webm-vp8: 9c59270c3fd7afecdb556c50c9e8de78 -> 
  custom:audio-decoder-ogg-vorbis: bf7c407c2cedff20999df2af8eb42d56 -> 
  custom:audio-encoder-webm-vorbis: bf7c407c2cedff20999df2af8eb42d56 -> 
========================================================================
Received Prepare
Refreshing native plugins compatible for Editor in 3.38 ms, found 3 plugins.
Preloading 0 native plugins for Editor in 0.00 ms.
Unloading 19 Unused Serialized files (Serialized files now loaded: 0)
System memory in use before: 58.1 MB.
System memory in use after: 58.0 MB.

Unloading 19 unused Assets to reduce memory usage. Loaded Objects now: 2705.
Total: 3.154600 ms (FindLiveObjects: 0.215300 ms CreateObjectMapping: 0.049600 ms MarkObjects: 2.742100 ms  DeleteObjects: 0.146800 ms)

AssetImportParameters requested are different than current active one (requested -> active):
  custom:framework-win-MediaFoundation: 216162199b28c13a410421893ffa2e32 -> 
  custom:video-decoder-ogg-theora: a1e56fd34408186e4bbccfd4996cb3dc -> 
  custom:container-muxer-webm: aa71ff27fc2769a1b78a27578f13a17b -> 
  custom:container-demuxer-webm: 4f35f7cbe854078d1ac9338744f61a02 -> 
  custom:container-demuxer-ogg: 62fdf1f143b41e24485cea50d1cbac27 -> 
  custom:video-encoder-webm-vp8: eb34c28f22e8b96e1ab97ce403110664 -> 
  custom:video-decoder-webm-vp8: 9c59270c3fd7afecdb556c50c9e8de78 -> 
  custom:audio-decoder-ogg-vorbis: bf7c407c2cedff20999df2af8eb42d56 -> 
  custom:audio-encoder-webm-vorbis: bf7c407c2cedff20999df2af8eb42d56 -> 
========================================================================
Received Import Request.
  Time since last request: 139.499247 seconds.
  path: Assets/Painted HQ 2D Forest Medieval Background/evening/cloud01.png
  artifactKey: Guid(99ba51f130c2c26458e8d83637667448) Importer(815301076,1909f56bfc062723c751e8b465ee728b)
Start importing Assets/Painted HQ 2D Forest Medieval Background/evening/cloud01.png using Guid(99ba51f130c2c26458e8d83637667448) Importer(815301076,1909f56bfc062723c751e8b465ee728b)  -> (artifact id: '5e69fde3dea06265f43aa551dce4dd1e') in 0.048040 seconds 
  Import took 0.051395 seconds .

========================================================================
Received Import Request.
  Time since last request: 0.000192 seconds.
  path: Assets/Painted HQ 2D Forest Medieval Background/evening/mountain01.png
  artifactKey: Guid(f138225fb2758c641b40ae90c500db26) Importer(815301076,1909f56bfc062723c751e8b465ee728b)
Start importing Assets/Painted HQ 2D Forest Medieval Background/evening/mountain01.png using Guid(f138225fb2758c641b40ae90c500db26) Importer(815301076,1909f56bfc062723c751e8b465ee728b)  -> (artifact id: '1121836c1e660b64df19a0320aba73d5') in 0.012412 seconds 
  Import took 0.015192 seconds .

========================================================================
Received Import Request.
  Time since last request: 0.000183 seconds.
  path: Assets/Painted HQ 2D Forest Medieval Background/evening/sky.png
  artifactKey: Guid(f55507d454bdf4147a49efc80be9332b) Importer(815301076,1909f56bfc062723c751e8b465ee728b)
Start importing Assets/Painted HQ 2D Forest Medieval Background/evening/sky.png using Guid(f55507d454bdf4147a49efc80be9332b) Importer(815301076,1909f56bfc062723c751e8b465ee728b)  -> (artifact id: '9982371af574602a1fd2301544370075') in 0.023041 seconds 
  Import took 0.025874 seconds .

========================================================================
Received Import Request.
  Time since last request: 0.000207 seconds.
  path: Assets/Painted HQ 2D Forest Medieval Background/evening/cloud02.png
  artifactKey: Guid(d9333f218377dda4ba9650ec8f76c40d) Importer(815301076,1909f56bfc062723c751e8b465ee728b)
Start importing Assets/Painted HQ 2D Forest Medieval Background/evening/cloud02.png using Guid(d9333f218377dda4ba9650ec8f76c40d) Importer(815301076,1909f56bfc062723c751e8b465ee728b)  -> (artifact id: '387c1f646ded27cca3b8bce80ac46e0d') in 0.031242 seconds 
  Import took 0.034579 seconds .

========================================================================
Received Import Request.
  Time since last request: 0.000213 seconds.
  path: Assets/Painted HQ 2D Forest Medieval Background/evening/cloud03.png
  artifactKey: Guid(a0398b1517032824da3d0ba68c409490) Importer(815301076,1909f56bfc062723c751e8b465ee728b)
Start importing Assets/Painted HQ 2D Forest Medieval Background/evening/cloud03.png using Guid(a0398b1517032824da3d0ba68c409490) Importer(815301076,1909f56bfc062723c751e8b465ee728b)  -> (artifact id: 'e32d9409c4455ccb0485b0ced89df4e8') in 0.072976 seconds 
  Import took 0.075991 seconds .

========================================================================
Received Import Request.
  Time since last request: 0.000155 seconds.
  path: Assets/Painted HQ 2D Forest Medieval Background/evening/mountain02.png
  artifactKey: Guid(db221b0bdb18e4748bbdcb1a3ace4495) Importer(815301076,1909f56bfc062723c751e8b465ee728b)
Start importing Assets/Painted HQ 2D Forest Medieval Background/evening/mountain02.png using Guid(db221b0bdb18e4748bbdcb1a3ace4495) Importer(815301076,1909f56bfc062723c751e8b465ee728b)  -> (artifact id: '3453db1cb25170699f1e04197d840955') in 0.029755 seconds 
  Import took 0.032757 seconds .

AssetImportWorkerClient::OnTransportError - code=2 error=End of file
